
> cheating-daddy@0.4.0 start
> electron-forge start

â¯ Checking your system
â¯ Checking package manager version
âœ” Found npm@10.8.2
âœ” Checking your system
[?25hâ¯ Locating application
âœ” Locating application
â¯ Loading configuration
âœ” Loading configuration
â¯ Preparing native dependencies
âœ” Preparing native dependencies
â¯ Running generateAssets hook
âœ” Running generateAssets hook
â¯ Running preStart hook
âœ” Running preStart hook
[?25h
Initializing random process names for stealth...
Process name: intelhelperx
Display name: DriverConverter
Window title: System Information
Set process title to: intelhelperx
Applying anti-analysis measures...
